{
  "RSpec": {
    "coverage": {
      "/Users/danieldenhartog/Documents/Expenses/spec/expenses_spec.rb": [
        1,
        null,
        1,
        4,
        null,
        1,
        1,
        1,
        null,
        null,
        1,
        1,
        1,
        null,
        null,
        1,
        1,
        1,
        2,
        null,
        null,
        null,
        null
      ],
      "/Users/danieldenhartog/Documents/Expenses/lib/expenses.rb": [
        1,
        1,
        null,
        1,
        6,
        6,
        null,
        null,
        1,
        4,
        null,
        null,
        1,
        4,
        null,
        null,
        1,
        2,
        2,
        2,
        2,
        2,
        null,
        2,
        2,
        2,
        2,
        2,
        null,
        null,
        null
      ],
      "/Users/danieldenhartog/Documents/Expenses/spec/feature_tests_spec.rb": [
        1,
        null,
        1,
        null,
        null,
        null,
        null,
        1,
        1,
        2,
        null,
        null,
        null,
        null,
        null,
        1,
        1,
        2,
        null,
        null,
        null,
        null,
        null,
        1,
        1,
        1,
        1,
        2,
        null,
        null
      ]
    },
    "timestamp": 1537426285
  }
}
